<?xml version="1.0" encoding="UTF-8"?>
<testsuite xmlns:xsi="http://www.w3.org/2001/XMLSchema-instance" xsi:noNamespaceSchemaLocation="https://maven.apache.org/surefire/maven-surefire-plugin/xsd/surefire-test-report.xsd" name="ConstructorTest" time="7.131" tests="3" errors="0" skipped="0" failures="0">
  <properties>
[...]
</properties>
  <testcase name="switchFillings" classname="ConstructorTest" time="2.85"/>
  <testcase name="switchBuns" classname="ConstructorTest" time="2.041"/>
  <testcase name="switchSauces" classname="ConstructorTest" time="2.103"/>
</testsuite>